TN:
SF:src/controllers/auth/authController.js
FN:16,(anonymous_0)
FN:61,(anonymous_1)
FN:85,(anonymous_2)
FN:118,(anonymous_3)
FN:150,(anonymous_4)
FN:189,(anonymous_5)
FN:214,(anonymous_6)
FN:251,(anonymous_7)
FN:268,(anonymous_8)
FN:327,(anonymous_9)
FN:364,(anonymous_10)
FN:407,(anonymous_11)
FN:435,(anonymous_12)
FN:465,(anonymous_13)
FN:505,(anonymous_14)
FN:540,(anonymous_15)
FN:557,(anonymous_16)
FN:582,(anonymous_17)
FN:597,(anonymous_18)
FN:639,(anonymous_19)
FN:661,(anonymous_20)
FNF:21
FNH:10
FNDA:5,(anonymous_0)
FNDA:0,(anonymous_1)
FNDA:3,(anonymous_2)
FNDA:0,(anonymous_3)
FNDA:4,(anonymous_4)
FNDA:2,(anonymous_5)
FNDA:3,(anonymous_6)
FNDA:0,(anonymous_7)
FNDA:6,(anonymous_8)
FNDA:3,(anonymous_9)
FNDA:2,(anonymous_10)
FNDA:1,(anonymous_11)
FNDA:2,(anonymous_12)
FNDA:0,(anonymous_13)
FNDA:0,(anonymous_14)
FNDA:0,(anonymous_15)
FNDA:0,(anonymous_16)
FNDA:0,(anonymous_17)
FNDA:0,(anonymous_18)
FNDA:0,(anonymous_19)
FNDA:0,(anonymous_20)
DA:1,31
DA:2,31
DA:3,31
DA:4,31
DA:5,31
DA:7,31
DA:16,31
DA:17,5
DA:18,5
DA:20,5
DA:21,1
DA:27,4
DA:28,1
DA:34,3
DA:35,3
DA:36,1
DA:42,2
DA:43,1
DA:44,1
DA:46,1
DA:58,1
DA:59,1
DA:61,1
DA:62,0
DA:65,1
DA:67,1
DA:77,1
DA:78,1
DA:85,31
DA:86,3
DA:87,3
DA:89,3
DA:90,1
DA:96,2
DA:97,2
DA:98,0
DA:104,2
DA:105,2
DA:106,1
DA:112,1
DA:113,0
DA:114,0
DA:118,0
DA:119,0
DA:121,0
DA:127,1
DA:128,1
DA:130,1
DA:132,1
DA:142,0
DA:143,0
DA:150,31
DA:151,4
DA:152,4
DA:154,4
DA:155,1
DA:161,3
DA:163,2
DA:164,1
DA:170,1
DA:171,1
DA:173,1
DA:181,1
DA:182,1
DA:189,31
DA:190,2
DA:191,2
DA:193,2
DA:194,1
DA:197,2
DA:198,1
DA:201,2
DA:206,0
DA:207,0
DA:214,31
DA:215,3
DA:216,3
DA:218,3
DA:219,1
DA:225,2
DA:227,2
DA:228,1
DA:234,1
DA:239,1
DA:240,1
DA:241,1
DA:243,1
DA:251,1
DA:252,0
DA:255,1
DA:260,0
DA:261,0
DA:268,31
DA:269,6
DA:270,6
DA:272,6
DA:273,1
DA:279,5
DA:280,1
DA:286,4
DA:291,4
DA:292,3
DA:298,1
DA:299,1
DA:301,1
DA:312,1
DA:314,1
DA:319,0
DA:320,0
DA:327,31
DA:328,3
DA:329,3
DA:331,3
DA:344,2
DA:345,1
DA:351,1
DA:356,1
DA:357,1
DA:364,31
DA:365,2
DA:366,2
DA:368,2
DA:369,1
DA:375,1
DA:376,1
DA:378,1
DA:387,1
DA:399,0
DA:400,0
DA:407,31
DA:408,1
DA:409,1
DA:422,1
DA:427,0
DA:428,0
DA:435,31
DA:436,2
DA:437,2
DA:439,2
DA:443,2
DA:444,1
DA:450,1
DA:452,1
DA:457,0
DA:458,0
DA:465,31
DA:466,0
DA:467,0
DA:469,0
DA:470,0
DA:476,0
DA:480,0
DA:481,0
DA:487,0
DA:492,0
DA:497,0
DA:498,0
DA:505,31
DA:506,0
DA:507,0
DA:509,0
DA:510,0
DA:516,0
DA:520,0
DA:521,0
DA:527,0
DA:528,0
DA:534,0
DA:535,0
DA:540,0
DA:541,0
DA:544,0
DA:549,0
DA:550,0
DA:557,31
DA:558,0
DA:559,0
DA:561,0
DA:570,0
DA:575,0
DA:582,0
DA:589,0
DA:590,0
DA:597,31
DA:598,0
DA:599,0
DA:600,0
DA:602,0
DA:603,0
DA:609,0
DA:610,0
DA:616,0
DA:620,0
DA:622,0
DA:623,0
DA:625,0
DA:632,0
DA:637,0
DA:638,0
DA:639,0
DA:640,0
DA:644,0
DA:653,0
DA:654,0
DA:661,31
DA:662,0
DA:663,0
DA:664,0
DA:666,0
DA:667,0
DA:668,0
DA:669,0
DA:671,0
DA:685,0
DA:690,0
DA:691,0
LF:216
LH:128
BRDA:20,0,0,1
BRDA:20,0,1,4
BRDA:20,1,0,5
BRDA:20,1,1,5
BRDA:27,2,0,1
BRDA:27,2,1,3
BRDA:35,3,0,1
BRDA:35,3,1,2
BRDA:50,4,0,1
BRDA:50,4,1,0
BRDA:89,5,0,1
BRDA:89,5,1,2
BRDA:89,6,0,3
BRDA:89,6,1,3
BRDA:97,7,0,0
BRDA:97,7,1,2
BRDA:105,8,0,1
BRDA:105,8,1,1
BRDA:112,9,0,0
BRDA:112,9,1,1
BRDA:112,10,0,1
BRDA:112,10,1,1
BRDA:154,11,0,1
BRDA:154,11,1,3
BRDA:163,12,0,1
BRDA:163,12,1,1
BRDA:193,13,0,1
BRDA:193,13,1,1
BRDA:197,14,0,1
BRDA:197,14,1,1
BRDA:218,15,0,1
BRDA:218,15,1,2
BRDA:227,16,0,1
BRDA:227,16,1,1
BRDA:272,17,0,1
BRDA:272,17,1,5
BRDA:272,18,0,6
BRDA:272,18,1,6
BRDA:279,19,0,1
BRDA:279,19,1,4
BRDA:291,20,0,3
BRDA:291,20,1,1
BRDA:291,21,0,4
BRDA:291,21,1,3
BRDA:291,21,2,2
BRDA:344,22,0,1
BRDA:344,22,1,1
BRDA:368,23,0,1
BRDA:368,23,1,1
BRDA:383,24,0,0
BRDA:383,24,1,1
BRDA:443,25,0,1
BRDA:443,25,1,1
BRDA:469,26,0,0
BRDA:469,26,1,0
BRDA:480,27,0,0
BRDA:480,27,1,0
BRDA:509,28,0,0
BRDA:509,28,1,0
BRDA:520,29,0,0
BRDA:520,29,1,0
BRDA:527,30,0,0
BRDA:527,30,1,0
BRDA:579,31,0,0
BRDA:579,31,1,0
BRDA:602,32,0,0
BRDA:602,32,1,0
BRDA:602,33,0,0
BRDA:602,33,1,0
BRDA:609,34,0,0
BRDA:609,34,1,0
BRDA:609,35,0,0
BRDA:609,35,1,0
BRDA:622,36,0,0
BRDA:622,36,1,0
BRDA:622,37,0,0
BRDA:622,37,1,0
BRDA:637,38,0,0
BRDA:637,38,1,0
BRDA:667,39,0,0
BRDA:667,39,1,0
BRDA:668,40,0,0
BRDA:668,40,1,0
BRDA:669,41,0,0
BRDA:669,41,1,0
BRF:85
BRH:49
end_of_record
TN:
SF:src/controllers/page/pageController.js
FN:3,(anonymous_0)
FN:44,(anonymous_1)
FN:105,(anonymous_2)
FN:137,(anonymous_3)
FN:178,(anonymous_4)
FN:209,(anonymous_5)
FN:243,(anonymous_6)
FNF:7
FNH:7
FNDA:3,(anonymous_0)
FNDA:3,(anonymous_1)
FNDA:2,(anonymous_2)
FNDA:2,(anonymous_3)
FNDA:2,(anonymous_4)
FNDA:2,(anonymous_5)
FNDA:2,(anonymous_6)
DA:1,16
DA:3,16
DA:4,3
DA:5,3
DA:7,3
DA:8,1
DA:14,2
DA:18,2
DA:19,1
DA:25,1
DA:31,1
DA:36,0
DA:37,0
DA:44,16
DA:45,3
DA:46,3
DA:48,3
DA:49,1
DA:55,2
DA:59,2
DA:60,0
DA:66,2
DA:70,2
DA:71,1
DA:77,1
DA:82,1
DA:92,1
DA:97,0
DA:98,0
DA:105,16
DA:106,2
DA:107,2
DA:109,2
DA:117,2
DA:118,1
DA:124,1
DA:129,0
DA:130,0
DA:137,16
DA:138,2
DA:139,2
DA:140,2
DA:142,2
DA:147,2
DA:148,1
DA:154,1
DA:165,1
DA:170,0
DA:171,0
DA:178,16
DA:179,2
DA:180,2
DA:182,2
DA:187,2
DA:188,1
DA:194,1
DA:196,1
DA:201,0
DA:202,0
DA:209,16
DA:210,2
DA:211,2
DA:213,2
DA:218,2
DA:219,1
DA:225,1
DA:230,1
DA:235,0
DA:236,0
DA:243,16
DA:244,2
DA:245,2
DA:246,2
DA:248,2
DA:249,1
DA:255,1
DA:260,1
DA:261,0
DA:267,1
DA:272,1
DA:281,1
DA:286,0
DA:287,0
LF:83
LH:67
BRDA:7,0,0,1
BRDA:7,0,1,2
BRDA:18,1,0,1
BRDA:18,1,1,1
BRDA:48,2,0,1
BRDA:48,2,1,2
BRDA:48,3,0,3
BRDA:48,3,1,3
BRDA:48,3,2,2
BRDA:59,4,0,0
BRDA:59,4,1,2
BRDA:70,5,0,1
BRDA:70,5,1,1
BRDA:86,6,0,1
BRDA:86,6,1,1
BRDA:88,7,0,1
BRDA:88,7,1,0
BRDA:117,8,0,1
BRDA:117,8,1,1
BRDA:117,9,0,2
BRDA:117,9,1,2
BRDA:147,10,0,1
BRDA:147,10,1,1
BRDA:147,11,0,2
BRDA:147,11,1,1
BRDA:157,12,0,1
BRDA:157,12,1,1
BRDA:158,13,0,1
BRDA:158,13,1,0
BRDA:159,14,0,1
BRDA:159,14,1,0
BRDA:160,15,0,1
BRDA:160,15,1,0
BRDA:161,16,0,1
BRDA:161,16,1,0
BRDA:187,17,0,1
BRDA:187,17,1,1
BRDA:187,18,0,2
BRDA:187,18,1,1
BRDA:218,19,0,1
BRDA:218,19,1,1
BRDA:218,20,0,2
BRDA:218,20,1,1
BRDA:248,21,0,1
BRDA:248,21,1,1
BRDA:260,22,0,0
BRDA:260,22,1,1
BRDA:260,23,0,1
BRDA:260,23,1,1
BRDA:275,24,0,1
BRDA:275,24,1,0
BRDA:276,25,0,1
BRDA:276,25,1,1
BRDA:276,26,0,1
BRDA:276,26,1,0
BRF:55
BRH:46
end_of_record
TN:
SF:src/controllers/payment/paymentController.js
FN:5,(anonymous_0)
FN:32,(anonymous_1)
FN:96,(anonymous_2)
FN:114,(anonymous_3)
FN:132,(anonymous_4)
FN:160,(anonymous_5)
FN:191,(anonymous_6)
FN:210,(anonymous_7)
FN:214,(anonymous_8)
FN:233,(anonymous_9)
FNF:10
FNH:10
FNDA:7,(anonymous_0)
FNDA:6,(anonymous_1)
FNDA:3,(anonymous_2)
FNDA:3,(anonymous_3)
FNDA:7,(anonymous_4)
FNDA:6,(anonymous_5)
FNDA:6,(anonymous_6)
FNDA:4,(anonymous_7)
FNDA:3,(anonymous_8)
FNDA:4,(anonymous_9)
DA:1,46
DA:2,46
DA:3,46
DA:5,46
DA:6,7
DA:7,7
DA:8,7
DA:10,7
DA:11,4
DA:17,3
DA:19,2
DA:24,1
DA:25,1
DA:32,46
DA:33,6
DA:34,6
DA:36,6
DA:37,2
DA:43,4
DA:48,4
DA:49,2
DA:54,2
DA:60,2
DA:69,2
DA:73,2
DA:74,2
DA:83,2
DA:88,0
DA:89,0
DA:96,46
DA:97,3
DA:98,3
DA:99,3
DA:101,2
DA:106,1
DA:107,1
DA:114,46
DA:115,3
DA:116,3
DA:117,3
DA:119,3
DA:124,0
DA:125,0
DA:132,46
DA:133,7
DA:134,7
DA:135,7
DA:137,7
DA:138,7
DA:139,4
DA:145,3
DA:147,2
DA:152,1
DA:153,1
DA:160,46
DA:161,6
DA:162,6
DA:163,6
DA:165,6
DA:169,6
DA:170,3
DA:176,3
DA:178,2
DA:183,1
DA:184,1
DA:191,46
DA:192,6
DA:193,6
DA:194,6
DA:196,5
DA:197,2
DA:199,3
DA:202,1
DA:203,1
DA:210,46
DA:211,4
DA:212,4
DA:214,3
DA:220,3
DA:225,1
DA:226,1
DA:233,46
DA:234,4
DA:235,4
DA:236,4
DA:238,4
DA:257,3
DA:266,1
DA:267,1
LF:89
LH:85
BRDA:10,0,0,4
BRDA:10,0,1,3
BRDA:10,1,0,7
BRDA:10,1,1,5
BRDA:36,2,0,2
BRDA:36,2,1,4
BRDA:36,3,0,6
BRDA:36,3,1,5
BRDA:36,3,2,4
BRDA:36,3,3,4
BRDA:48,4,0,2
BRDA:48,4,1,2
BRDA:73,5,0,2
BRDA:73,5,1,0
BRDA:138,6,0,4
BRDA:138,6,1,3
BRDA:138,7,0,7
BRDA:138,7,1,5
BRDA:169,8,0,3
BRDA:169,8,1,3
BRDA:196,9,0,2
BRDA:196,9,1,3
BRDA:216,10,0,2
BRDA:216,10,1,1
BRDA:217,11,0,2
BRDA:217,11,1,1
BRDA:241,12,0,4
BRDA:241,12,1,4
BRDA:242,13,0,4
BRDA:242,13,1,2
BRDA:243,14,0,4
BRDA:243,14,1,1
BRDA:244,15,0,4
BRDA:244,15,1,1
BRDA:245,16,0,4
BRDA:245,16,1,1
BRDA:249,17,0,4
BRDA:249,17,1,0
BRDA:250,18,0,4
BRDA:250,18,1,2
BRDA:251,19,0,4
BRDA:251,19,1,3
BRDA:252,20,0,4
BRDA:252,20,1,3
BRDA:253,21,0,4
BRDA:253,21,1,3
BRDA:261,22,0,2
BRDA:261,22,1,1
BRDA:262,23,0,2
BRDA:262,23,1,1
BRF:50
BRH:48
end_of_record
TN:
SF:src/controllers/template/templateController.js
FN:3,(anonymous_0)
FN:29,(anonymous_1)
FN:57,(anonymous_2)
FN:92,(anonymous_3)
FN:133,(anonymous_4)
FNF:5
FNH:5
FNDA:3,(anonymous_0)
FNDA:2,(anonymous_1)
FNDA:2,(anonymous_2)
FNDA:2,(anonymous_3)
FNDA:2,(anonymous_4)
DA:1,11
DA:3,11
DA:4,3
DA:5,3
DA:7,3
DA:8,3
DA:9,3
DA:11,3
DA:16,2
DA:21,1
DA:22,1
DA:29,11
DA:30,2
DA:31,2
DA:33,2
DA:37,2
DA:38,1
DA:44,1
DA:49,0
DA:50,0
DA:57,11
DA:58,2
DA:59,2
DA:61,2
DA:62,1
DA:68,1
DA:79,1
DA:84,0
DA:85,0
DA:92,11
DA:93,2
DA:94,2
DA:95,2
DA:97,2
DA:101,2
DA:102,1
DA:108,1
DA:120,1
DA:125,0
DA:126,0
DA:133,11
DA:134,2
DA:135,2
DA:137,2
DA:141,2
DA:142,1
DA:148,1
DA:150,1
DA:155,0
DA:156,0
LF:50
LH:42
BRDA:8,0,0,1
BRDA:8,0,1,2
BRDA:9,1,0,0
BRDA:9,1,1,3
BRDA:37,2,0,1
BRDA:37,2,1,1
BRDA:61,3,0,1
BRDA:61,3,1,1
BRDA:71,4,0,1
BRDA:71,4,1,1
BRDA:72,5,0,1
BRDA:72,5,1,0
BRDA:73,6,0,1
BRDA:73,6,1,1
BRDA:74,7,0,1
BRDA:74,7,1,1
BRDA:75,8,0,1
BRDA:75,8,1,1
BRDA:101,9,0,1
BRDA:101,9,1,1
BRDA:111,10,0,1
BRDA:111,10,1,1
BRDA:112,11,0,1
BRDA:112,11,1,0
BRDA:113,12,0,1
BRDA:113,12,1,0
BRDA:114,13,0,1
BRDA:114,13,1,0
BRDA:115,14,0,1
BRDA:115,14,1,0
BRDA:116,15,0,1
BRDA:116,15,1,0
BRDA:141,16,0,1
BRDA:141,16,1,1
BRF:34
BRH:27
end_of_record
TN:
SF:src/controllers/user/userController.js
FN:4,(anonymous_0)
FN:39,(anonymous_1)
FN:109,(anonymous_2)
FN:154,(anonymous_3)
FN:192,(anonymous_4)
FN:248,(anonymous_5)
FNF:6
FNH:6
FNDA:2,(anonymous_0)
FNDA:4,(anonymous_1)
FNDA:2,(anonymous_2)
FNDA:2,(anonymous_3)
FNDA:4,(anonymous_4)
FNDA:3,(anonymous_5)
DA:1,17
DA:2,17
DA:4,17
DA:5,2
DA:6,2
DA:19,2
DA:20,1
DA:26,1
DA:31,0
DA:32,0
DA:39,17
DA:40,4
DA:41,4
DA:43,4
DA:47,4
DA:48,0
DA:54,4
DA:55,3
DA:56,1
DA:62,2
DA:63,2
DA:64,1
DA:70,1
DA:71,1
DA:73,1
DA:79,2
DA:96,2
DA:101,0
DA:102,0
DA:109,17
DA:110,2
DA:111,2
DA:113,2
DA:114,2
DA:116,2
DA:135,2
DA:146,0
DA:147,0
DA:154,17
DA:155,2
DA:156,2
DA:158,2
DA:172,2
DA:173,1
DA:179,1
DA:184,0
DA:185,0
DA:192,17
DA:193,4
DA:194,4
DA:195,4
DA:197,4
DA:198,1
DA:204,3
DA:205,3
DA:206,1
DA:212,2
DA:216,2
DA:217,1
DA:223,1
DA:235,1
DA:240,0
DA:241,0
DA:248,17
DA:249,3
DA:250,3
DA:252,3
DA:253,1
DA:259,2
DA:263,2
DA:264,1
DA:270,1
DA:272,1
DA:277,0
DA:278,0
LF:75
LH:62
BRDA:19,0,0,1
BRDA:19,0,1,1
BRDA:47,1,0,0
BRDA:47,1,1,4
BRDA:54,2,0,3
BRDA:54,2,1,1
BRDA:55,3,0,1
BRDA:55,3,1,2
BRDA:63,4,0,1
BRDA:63,4,1,1
BRDA:82,5,0,2
BRDA:82,5,1,1
BRDA:83,6,0,2
BRDA:83,6,1,0
BRDA:111,7,0,2
BRDA:111,8,0,2
BRDA:114,9,0,1
BRDA:114,9,1,1
BRDA:172,10,0,1
BRDA:172,10,1,1
BRDA:197,11,0,1
BRDA:197,11,1,3
BRDA:205,12,0,1
BRDA:205,12,1,2
BRDA:216,13,0,1
BRDA:216,13,1,1
BRDA:252,14,0,1
BRDA:252,14,1,2
BRDA:263,15,0,1
BRDA:263,15,1,1
BRF:30
BRH:28
end_of_record
TN:
SF:src/controllers/website/websiteController.js
FN:3,(anonymous_0)
FN:28,(anonymous_1)
FN:71,(anonymous_2)
FN:106,(anonymous_3)
FN:146,(anonymous_4)
FN:176,(anonymous_5)
FN:205,(anonymous_6)
FN:261,(anonymous_7)
FN:280,(anonymous_8)
FN:313,(anonymous_9)
FNF:10
FNH:8
FNDA:2,(anonymous_0)
FNDA:3,(anonymous_1)
FNDA:2,(anonymous_2)
FNDA:2,(anonymous_3)
FNDA:2,(anonymous_4)
FNDA:0,(anonymous_5)
FNDA:3,(anonymous_6)
FNDA:0,(anonymous_7)
FNDA:1,(anonymous_8)
FNDA:1,(anonymous_9)
DA:1,16
DA:3,16
DA:4,2
DA:5,2
DA:15,1
DA:20,1
DA:21,1
DA:28,16
DA:29,3
DA:30,3
DA:32,3
DA:33,1
DA:39,2
DA:40,2
DA:41,1
DA:47,1
DA:58,1
DA:63,0
DA:64,0
DA:71,16
DA:72,2
DA:73,2
DA:75,2
DA:86,2
DA:87,1
DA:93,1
DA:98,0
DA:99,0
DA:106,16
DA:107,2
DA:108,2
DA:109,2
DA:111,2
DA:115,2
DA:116,1
DA:122,1
DA:133,1
DA:138,0
DA:139,0
DA:146,16
DA:147,2
DA:148,2
DA:150,2
DA:154,2
DA:155,1
DA:161,1
DA:163,1
DA:168,0
DA:169,0
DA:176,16
DA:177,0
DA:178,0
DA:180,0
DA:185,0
DA:186,0
DA:192,0
DA:197,0
DA:198,0
DA:205,16
DA:206,3
DA:207,3
DA:208,3
DA:210,3
DA:211,1
DA:217,2
DA:221,2
DA:222,0
DA:228,2
DA:232,2
DA:233,1
DA:239,1
DA:248,1
DA:253,0
DA:254,0
DA:261,16
DA:262,0
DA:263,0
DA:267,0
DA:272,0
DA:273,0
DA:280,16
DA:281,1
DA:282,1
DA:284,1
DA:288,1
DA:289,0
DA:295,1
DA:300,1
DA:305,0
DA:306,0
DA:313,16
DA:314,1
DA:315,1
DA:317,1
DA:321,1
DA:322,0
DA:328,1
DA:333,1
DA:338,0
DA:339,0
LF:100
LH:70
BRDA:32,0,0,1
BRDA:32,0,1,2
BRDA:32,1,0,3
BRDA:32,1,1,2
BRDA:40,2,0,1
BRDA:40,2,1,1
BRDA:52,3,0,1
BRDA:52,3,1,1
BRDA:53,4,0,1
BRDA:53,4,1,0
BRDA:86,5,0,1
BRDA:86,5,1,1
BRDA:115,6,0,1
BRDA:115,6,1,1
BRDA:125,7,0,1
BRDA:125,7,1,1
BRDA:126,8,0,1
BRDA:126,8,1,0
BRDA:127,9,0,1
BRDA:127,9,1,0
BRDA:128,10,0,1
BRDA:128,10,1,0
BRDA:154,11,0,1
BRDA:154,11,1,1
BRDA:185,12,0,0
BRDA:185,12,1,0
BRDA:210,13,0,1
BRDA:210,13,1,2
BRDA:210,14,0,3
BRDA:210,14,1,3
BRDA:221,15,0,0
BRDA:221,15,1,2
BRDA:232,16,0,1
BRDA:232,16,1,1
BRDA:243,17,0,1
BRDA:243,17,1,1
BRDA:288,18,0,0
BRDA:288,18,1,1
BRDA:321,19,0,0
BRDA:321,19,1,1
BRF:40
BRH:31
end_of_record
TN:
SF:src/middleware/authMiddleware.js
FN:5,(anonymous_0)
FN:46,authenticateApiKey
FN:86,(anonymous_2)
FN:87,(anonymous_3)
FNF:4
FNH:4
FNDA:7,(anonymous_0)
FNDA:2,authenticateApiKey
FNDA:5,(anonymous_2)
FNDA:5,(anonymous_3)
DA:1,12
DA:2,12
DA:3,12
DA:5,12
DA:6,7
DA:7,7
DA:9,7
DA:10,2
DA:16,5
DA:18,5
DA:19,2
DA:22,3
DA:24,1
DA:30,1
DA:32,2
DA:33,1
DA:39,1
DA:47,2
DA:48,2
DA:50,2
DA:58,2
DA:59,1
DA:65,1
DA:70,1
DA:77,1
DA:79,0
DA:86,12
DA:87,5
DA:88,5
DA:89,5
DA:90,1
DA:96,4
DA:101,4
DA:102,1
DA:108,3
DA:109,1
DA:115,2
DA:117,0
DA:118,0
LF:39
LH:36
BRDA:9,0,0,2
BRDA:9,0,1,5
BRDA:9,1,0,7
BRDA:9,1,1,6
BRDA:18,2,0,2
BRDA:18,2,1,3
BRDA:18,3,0,5
BRDA:18,3,1,0
BRDA:32,4,0,1
BRDA:32,4,1,1
BRDA:58,5,0,1
BRDA:58,5,1,1
BRDA:89,6,0,1
BRDA:89,6,1,4
BRDA:101,7,0,1
BRDA:101,7,1,3
BRDA:108,8,0,1
BRDA:108,8,1,2
BRF:18
BRH:17
end_of_record
TN:
SF:src/middleware/rateLimiter.js
FNF:0
FNH:0
DA:1,1
DA:4,1
DA:16,1
DA:28,1
DA:40,1
DA:51,1
LF:6
LH:6
BRF:0
BRH:0
end_of_record
TN:
SF:src/middleware/validation.js
FN:3,(anonymous_0)
FN:3,(anonymous_1)
FN:12,(anonymous_2)
FNF:3
FNH:3
FNDA:2,(anonymous_0)
FNDA:2,(anonymous_1)
FNDA:1,(anonymous_2)
DA:1,1
DA:3,2
DA:4,2
DA:5,2
DA:6,1
DA:8,1
DA:9,1
DA:12,1
DA:18,0
DA:25,1
DA:32,1
DA:37,1
DA:41,1
DA:46,1
DA:50,1
DA:55,1
DA:60,1
DA:64,1
LF:18
LH:17
BRDA:8,0,0,1
BRDA:8,0,1,0
BRF:2
BRH:1
end_of_record
TN:
SF:src/routes/pages.js
FNF:0
FNH:0
DA:1,0
DA:2,0
DA:3,0
DA:4,0
DA:6,0
DA:8,0
DA:9,0
DA:10,0
DA:11,0
DA:12,0
DA:14,0
DA:15,0
DA:17,0
LF:13
LH:0
BRF:0
BRH:0
end_of_record
TN:
SF:src/routes/payments.js
FNF:0
FNH:0
DA:1,0
DA:2,0
DA:3,0
DA:4,0
DA:6,0
DA:8,0
DA:10,0
DA:11,0
DA:12,0
DA:14,0
DA:15,0
DA:16,0
DA:18,0
DA:19,0
DA:21,0
LF:15
LH:0
BRF:0
BRH:0
end_of_record
TN:
SF:src/routes/templates.js
FNF:0
FNH:0
DA:1,0
DA:2,0
DA:3,0
DA:4,0
DA:6,0
DA:7,0
DA:10,0
DA:11,0
DA:12,0
DA:14,0
LF:10
LH:0
BRF:0
BRH:0
end_of_record
TN:
SF:src/routes/users.js
FNF:0
FNH:0
DA:1,0
DA:2,0
DA:3,0
DA:4,0
DA:6,0
DA:8,0
DA:9,0
DA:12,0
DA:13,0
DA:14,0
DA:15,0
DA:17,0
LF:12
LH:0
BRF:0
BRH:0
end_of_record
TN:
SF:src/routes/websites.js
FNF:0
FNH:0
DA:1,0
DA:2,0
DA:3,0
DA:4,0
DA:6,0
DA:8,0
DA:9,0
DA:10,0
DA:11,0
DA:12,0
DA:14,0
DA:15,0
DA:17,0
DA:18,0
DA:19,0
DA:21,0
LF:16
LH:0
BRF:0
BRH:0
end_of_record
TN:
SF:src/routes/auth/authRoutes.js
FNF:0
FNH:0
DA:1,0
DA:2,0
DA:3,0
DA:4,0
DA:5,0
DA:6,0
DA:8,0
DA:9,0
DA:10,0
DA:11,0
DA:12,0
DA:13,0
DA:15,0
DA:16,0
DA:18,0
DA:19,0
DA:21,0
DA:22,0
DA:24,0
DA:25,0
DA:26,0
DA:28,0
LF:22
LH:0
BRF:0
BRH:0
end_of_record
TN:
SF:src/services/emailService.js
FN:6,getTransporter
FN:41,logEmail
FN:58,updateEmailStatus
FN:73,sendEmail
FN:104,sendWelcomeEmail
FN:136,sendPasswordResetEmail
FN:168,sendWebsitePublishedEmail
FN:194,sendPaymentConfirmationEmail
FN:225,sendPaymentFailedEmail
FN:252,sendSubscriptionExpiredEmail
FN:279,sendOnboardingStepEmail
FN:310,sendAdminAlertEmail
FNF:12
FNH:0
FNDA:0,getTransporter
FNDA:0,logEmail
FNDA:0,updateEmailStatus
FNDA:0,sendEmail
FNDA:0,sendWelcomeEmail
FNDA:0,sendPasswordResetEmail
FNDA:0,sendWebsitePublishedEmail
FNDA:0,sendPaymentConfirmationEmail
FNDA:0,sendPaymentFailedEmail
FNDA:0,sendSubscriptionExpiredEmail
FNDA:0,sendOnboardingStepEmail
FNDA:0,sendAdminAlertEmail
DA:1,33
DA:2,33
DA:4,33
DA:7,0
DA:9,0
DA:10,0
DA:19,0
DA:20,0
DA:30,0
DA:33,0
DA:36,0
DA:39,33
DA:42,0
DA:43,0
DA:53,0
DA:54,0
DA:59,0
DA:60,0
DA:69,0
DA:74,0
DA:75,0
DA:77,0
DA:78,0
DA:80,0
DA:88,0
DA:89,0
DA:90,0
DA:92,0
DA:93,0
DA:96,0
DA:98,0
DA:99,0
DA:100,0
DA:105,0
DA:106,0
DA:108,0
DA:137,0
DA:138,0
DA:140,0
DA:169,0
DA:195,0
DA:226,0
DA:253,0
DA:280,0
DA:282,0
DA:311,0
DA:313,0
DA:319,0
DA:337,33
LF:49
LH:5
BRDA:7,0,0,0
BRDA:7,0,1,0
BRDA:9,1,0,0
BRDA:9,1,1,0
BRDA:9,2,0,0
BRDA:9,2,1,0
BRDA:9,2,2,0
BRDA:11,3,0,0
BRDA:11,3,1,0
BRDA:12,4,0,0
BRDA:12,4,1,0
BRDA:15,5,0,0
BRDA:15,5,1,0
BRDA:19,6,0,0
BRDA:19,6,1,0
BRDA:19,7,0,0
BRDA:19,7,1,0
BRDA:19,7,2,0
BRDA:22,8,0,0
BRDA:22,8,1,0
BRDA:39,9,0,33
BRDA:39,9,1,33
BRDA:41,10,0,0
BRDA:58,11,0,0
BRDA:65,12,0,0
BRDA:65,12,1,0
BRDA:92,13,0,0
BRDA:92,13,1,0
BRDA:92,14,0,0
BRDA:92,14,1,0
BRDA:92,14,2,0
BRDA:105,15,0,0
BRDA:105,15,1,0
BRDA:120,16,0,0
BRDA:120,16,1,0
BRDA:132,17,0,0
BRDA:132,17,1,0
BRDA:137,18,0,0
BRDA:137,18,1,0
BRDA:153,19,0,0
BRDA:153,19,1,0
BRDA:164,20,0,0
BRDA:164,20,1,0
BRDA:181,21,0,0
BRDA:181,21,1,0
BRDA:190,22,0,0
BRDA:190,22,1,0
BRDA:208,23,0,0
BRDA:208,23,1,0
BRDA:221,24,0,0
BRDA:221,24,1,0
BRDA:239,25,0,0
BRDA:239,25,1,0
BRDA:242,26,0,0
BRDA:242,26,1,0
BRDA:248,27,0,0
BRDA:248,27,1,0
BRDA:248,28,0,0
BRDA:248,28,1,0
BRDA:266,29,0,0
BRDA:266,29,1,0
BRDA:269,30,0,0
BRDA:269,30,1,0
BRDA:275,31,0,0
BRDA:275,31,1,0
BRDA:275,32,0,0
BRDA:275,32,1,0
BRDA:280,33,0,0
BRDA:280,33,1,0
BRDA:294,34,0,0
BRDA:294,34,1,0
BRDA:298,35,0,0
BRDA:298,35,1,0
BRDA:306,36,0,0
BRDA:306,36,1,0
BRDA:311,37,0,0
BRDA:311,37,1,0
BRF:77
BRH:2
end_of_record
TN:
SF:src/services/paymentService.js
FN:7,getRazorpay
FN:32,createCustomer
FN:49,createSubscription
FN:99,createPaymentOrder
FN:143,verifyPaymentSignature
FN:158,handleWebhook
FN:195,handlePaymentSuccess
FN:206,handlePaymentFailure
FN:217,handleSubscriptionActivated
FN:234,handleSubscriptionCancelled
FN:247,handleSubscriptionRenewed
FN:264,getPaymentHistory
FN:272,getSubscription
FN:279,cancelSubscription
FNF:14
FNH:14
FNDA:25,getRazorpay
FNDA:6,createCustomer
FNDA:4,createSubscription
FNDA:3,createPaymentOrder
FNDA:11,verifyPaymentSignature
FNDA:8,handleWebhook
FNDA:2,handlePaymentSuccess
FNDA:1,handlePaymentFailure
FNDA:1,handleSubscriptionActivated
FNDA:1,handleSubscriptionCancelled
FNDA:1,handleSubscriptionRenewed
FNDA:1,getPaymentHistory
FNDA:1,getSubscription
FNDA:4,cancelSubscription
DA:1,32
DA:2,32
DA:3,32
DA:5,32
DA:8,25
DA:10,17
DA:11,17
DA:13,17
DA:14,5
DA:15,5
DA:18,12
DA:23,12
DA:26,32
DA:33,6
DA:34,6
DA:36,4
DA:37,4
DA:42,3
DA:44,1
DA:45,1
DA:50,4
DA:51,4
DA:53,4
DA:55,3
DA:56,3
DA:57,3
DA:58,3
DA:61,3
DA:62,3
DA:64,2
DA:66,2
DA:67,1
DA:75,2
DA:76,2
DA:77,2
DA:79,2
DA:92,2
DA:94,0
DA:95,0
DA:100,3
DA:101,3
DA:103,3
DA:105,2
DA:107,2
DA:108,2
DA:109,2
DA:110,1
DA:118,2
DA:130,2
DA:138,0
DA:139,0
DA:144,11
DA:145,11
DA:147,10
DA:152,10
DA:159,8
DA:160,8
DA:162,8
DA:163,1
DA:164,1
DA:167,7
DA:168,7
DA:170,2
DA:171,1
DA:173,1
DA:174,1
DA:176,1
DA:177,1
DA:179,1
DA:180,1
DA:182,1
DA:183,1
DA:185,1
DA:188,6
DA:190,1
DA:191,1
DA:196,2
DA:207,1
DA:218,1
DA:222,1
DA:223,1
DA:235,1
DA:239,1
DA:240,1
DA:248,1
DA:252,1
DA:253,1
DA:265,1
DA:273,1
DA:280,4
DA:281,4
DA:285,4
DA:287,3
DA:288,2
DA:289,2
DA:293,1
DA:297,3
DA:303,32
LF:98
LH:94
BRDA:8,0,0,8
BRDA:8,0,1,17
BRDA:13,1,0,5
BRDA:13,1,1,12
BRDA:13,2,0,17
BRDA:13,2,1,12
BRDA:34,3,0,2
BRDA:34,3,1,4
BRDA:38,4,0,4
BRDA:38,4,1,3
BRDA:40,5,0,4
BRDA:40,5,1,4
BRDA:49,6,0,4
BRDA:53,7,0,1
BRDA:53,7,1,3
BRDA:56,8,0,3
BRDA:56,8,1,0
BRDA:62,9,0,1
BRDA:62,9,1,2
BRDA:66,10,0,1
BRDA:66,10,1,1
BRDA:66,11,0,2
BRDA:66,11,1,1
BRDA:84,12,0,2
BRDA:84,12,1,1
BRDA:86,13,0,1
BRDA:86,13,1,1
BRDA:99,14,0,3
BRDA:103,15,0,1
BRDA:103,15,1,2
BRDA:109,16,0,1
BRDA:109,16,1,1
BRDA:124,17,0,2
BRDA:124,17,1,1
BRDA:145,18,0,1
BRDA:145,18,1,10
BRDA:162,19,0,1
BRDA:162,19,1,7
BRDA:168,20,0,2
BRDA:168,20,1,1
BRDA:168,20,2,1
BRDA:168,20,3,1
BRDA:168,20,4,1
BRDA:168,20,5,1
BRDA:222,21,0,1
BRDA:222,21,1,0
BRDA:239,22,0,1
BRDA:239,22,1,0
BRDA:252,23,0,1
BRDA:252,23,1,0
BRDA:285,24,0,1
BRDA:285,24,1,3
BRDA:287,25,0,2
BRDA:287,25,1,1
BRDA:287,26,0,3
BRDA:287,26,1,3
BRF:56
BRH:52
end_of_record
TN:
SF:src/services/tokenService.js
FN:6,(anonymous_0)
FN:14,(anonymous_1)
FN:18,(anonymous_2)
FN:34,(anonymous_3)
FN:64,(anonymous_4)
FN:71,(anonymous_5)
FNF:6
FNH:6
FNDA:1,(anonymous_0)
FNDA:1,(anonymous_1)
FNDA:1,(anonymous_2)
FNDA:4,(anonymous_3)
FNDA:1,(anonymous_4)
FNDA:1,(anonymous_5)
DA:1,40
DA:2,40
DA:3,40
DA:7,1
DA:15,1
DA:19,1
DA:20,1
DA:21,1
DA:23,1
DA:31,1
DA:35,4
DA:40,4
DA:41,3
DA:44,1
DA:45,1
DA:46,1
DA:48,1
DA:56,1
DA:61,1
DA:65,1
DA:72,1
DA:79,40
LF:22
LH:22
BRDA:40,0,0,3
BRDA:40,0,1,1
BRDA:40,1,0,4
BRDA:40,1,1,3
BRDA:40,1,2,2
BRF:5
BRH:5
end_of_record
TN:
SF:src/utils/crypto.js
FN:13,generateSecureToken
FN:17,generateApiKey
FN:22,hashApiKey
FNF:3
FNH:3
FNDA:3,generateSecureToken
FNDA:1,generateApiKey
FNDA:1,hashApiKey
DA:1,24
DA:3,24
DA:4,24
DA:5,1
DA:8,23
DA:9,23
DA:10,23
DA:11,23
DA:14,3
DA:18,1
DA:19,1
DA:23,1
DA:26,23
LF:13
LH:13
BRDA:4,0,0,1
BRDA:4,0,1,23
BRDA:13,1,0,3
BRF:3
BRH:3
end_of_record
