{
"contracts/SSCToken.sol":{"l":{"18":1,"32":38,"33":38,"34":37,"36":37,"50":4,"58":2,"67":1,"74":6,"81":2,"88":1,"89":1,"96":1,"97":1,"98":1,"99":1,"101":1,"108":1,"115":47},"path":"/home/dj/my-project/ssc/contracts/SSCToken.sol","s":{"1":1,"2":38,"3":38,"4":37,"5":37,"6":4,"7":2,"8":1,"9":6,"10":2,"11":1,"12":1,"13":1,"14":1,"15":1,"16":1,"17":1,"18":47},"b":{"1":[38,1],"2":[0,0],"3":[5,2],"4":[4,1],"5":[2,1],"6":[1,1],"7":[6,1],"8":[2,1],"9":[1,0],"10":[47,2]},"f":{"1":1,"2":38,"3":0,"4":4,"5":2,"6":1,"7":6,"8":2,"9":1,"10":1,"11":1,"12":47},"fnMap":{"1":{"name":"constructor","line":17,"loc":{"start":{"line":17,"column":4},"end":{"line":19,"column":4}}},"2":{"name":"initialize","line":31,"loc":{"start":{"line":26,"column":4},"end":{"line":37,"column":4}}},"3":{"name":"_authorizeUpgrade","line":42,"loc":{"start":{"line":42,"column":4},"end":{"line":42,"column":69}}},"4":{"name":"mint","line":49,"loc":{"start":{"line":49,"column":4},"end":{"line":51,"column":4}}},"5":{"name":"burn","line":57,"loc":{"start":{"line":57,"column":4},"end":{"line":59,"column":4}}},"6":{"name":"burnFrom","line":66,"loc":{"start":{"line":66,"column":4},"end":{"line":68,"column":4}}},"7":{"name":"pause","line":73,"loc":{"start":{"line":73,"column":4},"end":{"line":75,"column":4}}},"8":{"name":"unpause","line":80,"loc":{"start":{"line":80,"column":4},"end":{"line":82,"column":4}}},"9":{"name":"increaseAllowance","line":87,"loc":{"start":{"line":87,"column":4},"end":{"line":90,"column":4}}},"10":{"name":"decreaseAllowance","line":95,"loc":{"start":{"line":95,"column":4},"end":{"line":102,"column":4}}},"11":{"name":"decimals","line":107,"loc":{"start":{"line":107,"column":4},"end":{"line":109,"column":4}}},"12":{"name":"_update","line":114,"loc":{"start":{"line":114,"column":4},"end":{"line":116,"column":4}}}},"statementMap":{"1":{"start":{"line":18,"column":8},"end":{"line":18,"column":29}},"2":{"start":{"line":32,"column":8},"end":{"line":32,"column":35}},"3":{"start":{"line":33,"column":8},"end":{"line":33,"column":35}},"4":{"start":{"line":34,"column":8},"end":{"line":34,"column":24}},"5":{"start":{"line":36,"column":8},"end":{"line":36,"column":41}},"6":{"start":{"line":50,"column":8},"end":{"line":50,"column":24}},"7":{"start":{"line":58,"column":8},"end":{"line":58,"column":32}},"8":{"start":{"line":67,"column":8},"end":{"line":67,"column":26}},"9":{"start":{"line":74,"column":8},"end":{"line":74,"column":15}},"10":{"start":{"line":81,"column":8},"end":{"line":81,"column":17}},"11":{"start":{"line":88,"column":8},"end":{"line":88,"column":81}},"12":{"start":{"line":89,"column":8},"end":{"line":89,"column":19}},"13":{"start":{"line":96,"column":8},"end":{"line":96,"column":65}},"14":{"start":{"line":97,"column":8},"end":{"line":97,"column":92}},"15":{"start":{"line":99,"column":12},"end":{"line":99,"column":76}},"16":{"start":{"line":101,"column":8},"end":{"line":101,"column":19}},"17":{"start":{"line":108,"column":8},"end":{"line":108,"column":23}},"18":{"start":{"line":115,"column":8},"end":{"line":115,"column":37}}},"branchMap":{"1":{"line":31,"type":"if","locations":[{"start":{"line":31,"column":13},"end":{"line":31,"column":13}},{"start":{"line":31,"column":13},"end":{"line":31,"column":13}}]},"2":{"line":42,"type":"if","locations":[{"start":{"line":42,"column":58},"end":{"line":42,"column":58}},{"start":{"line":42,"column":58},"end":{"line":42,"column":58}}]},"3":{"line":49,"type":"if","locations":[{"start":{"line":49,"column":55},"end":{"line":49,"column":55}},{"start":{"line":49,"column":55},"end":{"line":49,"column":55}}]},"4":{"line":49,"type":"if","locations":[{"start":{"line":49,"column":65},"end":{"line":49,"column":65}},{"start":{"line":49,"column":65},"end":{"line":49,"column":65}}]},"5":{"line":57,"type":"if","locations":[{"start":{"line":57,"column":43},"end":{"line":57,"column":43}},{"start":{"line":57,"column":43},"end":{"line":57,"column":43}}]},"6":{"line":66,"type":"if","locations":[{"start":{"line":66,"column":61},"end":{"line":66,"column":61}},{"start":{"line":66,"column":61},"end":{"line":66,"column":61}}]},"7":{"line":73,"type":"if","locations":[{"start":{"line":73,"column":30},"end":{"line":73,"column":30}},{"start":{"line":73,"column":30},"end":{"line":73,"column":30}}]},"8":{"line":80,"type":"if","locations":[{"start":{"line":80,"column":32},"end":{"line":80,"column":32}},{"start":{"line":80,"column":32},"end":{"line":80,"column":32}}]},"9":{"line":97,"type":"if","locations":[{"start":{"line":97,"column":8},"end":{"line":97,"column":8}},{"start":{"line":97,"column":8},"end":{"line":97,"column":8}}]},"10":{"line":114,"type":"if","locations":[{"start":{"line":114,"column":80},"end":{"line":114,"column":80}},{"start":{"line":114,"column":80},"end":{"line":114,"column":80}}]}}}}
