TN:
SF:/home/dj/my-project/ssc/contracts/SSCToken.sol
FN:17,constructor
FN:31,initialize
FN:42,_authorizeUpgrade
FN:49,mint
FN:57,burn
FN:66,burnFrom
FN:73,pause
FN:80,unpause
FN:87,increaseAllowance
FN:95,decreaseAllowance
FN:107,decimals
FN:114,_update
FNF:12
FNH:11
FNDA:1,constructor
FNDA:38,initialize
FNDA:0,_authorizeUpgrade
FNDA:4,mint
FNDA:2,burn
FNDA:1,burnFrom
FNDA:6,pause
FNDA:2,unpause
FNDA:1,increaseAllowance
FNDA:1,decreaseAllowance
FNDA:1,decimals
FNDA:47,_update
DA:18,1
DA:32,38
DA:33,38
DA:34,37
DA:36,37
DA:50,4
DA:58,2
DA:67,1
DA:74,6
DA:81,2
DA:88,1
DA:89,1
DA:96,1
DA:97,1
DA:98,1
DA:99,1
DA:101,1
DA:108,1
DA:115,47
LF:19
LH:19
BRDA:31,1,0,38
BRDA:31,1,1,1
BRDA:42,2,0,0
BRDA:42,2,1,0
BRDA:49,3,0,5
BRDA:49,3,1,2
BRDA:49,4,0,4
BRDA:49,4,1,1
BRDA:57,5,0,2
BRDA:57,5,1,1
BRDA:66,6,0,1
BRDA:66,6,1,1
BRDA:73,7,0,6
BRDA:73,7,1,1
BRDA:80,8,0,2
BRDA:80,8,1,1
BRDA:97,9,0,1
BRDA:97,9,1,0
BRDA:114,10,0,47
BRDA:114,10,1,2
BRF:20
BRH:17
end_of_record
